Start testing: Aug 08 00:47 CST
----------------------------------------------------------
1/1 Testing: TestName.Subtest_1
1/1 Test: TestName.Subtest_1
Command: "/media/yang/momenta/momenta/project/test/gtestpractise/prac2/build/hello_test" "--gtest_filter=TestName.Subtest_1" "--gtest_also_run_disabled_tests"
Directory: /media/yang/momenta/momenta/project/test/gtestpractise/prac2/build
"TestName.Subtest_1" start time: Aug 08 00:47 CST
Output:
----------------------------------------------------------
Note: Google Test filter = TestName.Subtest_1
[==========] Running 1 test from 1 test suite.
[----------] Global test environment set-up.
[----------] 1 test from TestName
[ RUN      ] TestName.Subtest_1
After assertion
[       OK ] TestName.Subtest_1 (0 ms)
[----------] 1 test from TestName (0 ms total)

[----------] Global test environment tear-down
[==========] 1 test from 1 test suite ran. (0 ms total)
[  PASSED  ] 1 test.
<end of output>
Test time =   0.00 sec
----------------------------------------------------------
Test Passed.
"TestName.Subtest_1" end time: Aug 08 00:47 CST
"TestName.Subtest_1" time elapsed: 00:00:00
----------------------------------------------------------

End testing: Aug 08 00:47 CST
